Loading intel-20.4/cmkl
  Loading requirement: intel-license
Loading intel-20.4/compilers
  Loading requirement: gcc/10.2.0 intel-20.4/cc intel-20.4/fc
timestep 1
collisions 0
timestep 2
collisions 8378411
timestep 3
collisions 16756822
timestep 4
collisions 25143382
timestep 5
collisions 33529942
timestep 6
collisions 41916502
timestep 7
collisions 50303062
timestep 8
collisions 58689622
timestep 9
collisions 67076182
timestep 10
collisions 75462742
timestep 11
collisions 83849302
timestep 12
collisions 92235862
timestep 13
collisions 100622422
timestep 14
collisions 109008982
timestep 15
collisions 117395542
timestep 16
collisions 125782102
timestep 17
collisions 134168662
timestep 18
collisions 142555222
timestep 19
collisions 150941782
timestep 20
collisions 159328342
timestep 21
collisions 167714902
timestep 22
collisions 176101462
timestep 23
collisions 184488022
timestep 24
collisions 192874582
timestep 25
collisions 201261142
timestep 26
collisions 209647702
timestep 27
collisions 218034262
timestep 28
collisions 226420822
timestep 29
collisions 234807382
timestep 30
collisions 243193942
timestep 31
collisions 251580502
timestep 32
collisions 259967062
timestep 33
collisions 268353622
timestep 34
collisions 276740182
timestep 35
collisions 285126742
timestep 36
collisions 293513302
timestep 37
collisions 301899862
timestep 38
collisions 310286422
timestep 39
collisions 318672982
timestep 40
collisions 327059542
timestep 41
collisions 335446102
timestep 42
collisions 343832662
timestep 43
collisions 352219222
timestep 44
collisions 360605782
timestep 45
collisions 368992342
timestep 46
collisions 377378902
timestep 47
collisions 385765462
timestep 48
collisions 394152022
timestep 49
collisions 402538582
timestep 50
collisions 410925142
timestep 51
collisions 419311702
timestep 52
collisions 427698262
timestep 53
collisions 436084822
timestep 54
collisions 444471382
timestep 55
collisions 452857942
timestep 56
collisions 461244502
timestep 57
collisions 469631062
timestep 58
collisions 478017622
timestep 59
collisions 486404182
timestep 60
collisions 494790742
timestep 61
collisions 503177302
timestep 62
collisions 511563862
timestep 63
collisions 519950422
timestep 64
collisions 528336982
timestep 65
collisions 536723542
timestep 66
collisions 545110102
timestep 67
collisions 553496662
timestep 68
collisions 561883222
timestep 69
collisions 570269782
timestep 70
collisions 578656342
timestep 71
collisions 587042902
timestep 72
collisions 595429462
timestep 73
collisions 603816022
timestep 74
collisions 612202582
timestep 75
collisions 620589142
timestep 76
collisions 628975702
timestep 77
collisions 637362262
timestep 78
collisions 645748822
timestep 79
collisions 654135382
timestep 80
collisions 662521942
timestep 81
collisions 670908502
timestep 82
collisions 679295062
timestep 83
collisions 687681622
timestep 84
collisions 696068182
timestep 85
collisions 704454742
timestep 86
collisions 712841302
timestep 87
collisions 721227862
timestep 88
collisions 729614422
timestep 89
collisions 738000982
timestep 90
collisions 746387542
timestep 91
collisions 754774102
timestep 92
collisions 763160662
timestep 93
collisions 771547222
timestep 94
collisions 779933782
timestep 95
collisions 788320342
timestep 96
collisions 796706902
timestep 97
collisions 805093462
timestep 98
collisions 813480022
timestep 99
collisions 821866582
timestep 100
collisions 830253142
100 timesteps took 8.223227 seconds
collisions 838639702
timestep 1
collisions 838639702
timestep 2
collisions 847026262
timestep 3
collisions 855412822
timestep 4
collisions 863799382
timestep 5
collisions 872185942
timestep 6
collisions 880572502
timestep 7
collisions 888959062
timestep 8
collisions 897345622
timestep 9
collisions 905732182
timestep 10
collisions 914118742
timestep 11
collisions 922505302
timestep 12
collisions 930891862
timestep 13
collisions 939278422
timestep 14
collisions 947664982
timestep 15
collisions 956051542
timestep 16
collisions 964438102
timestep 17
collisions 972824662
timestep 18
collisions 981211222
timestep 19
collisions 989597782
timestep 20
collisions 997984342
timestep 21
collisions 1006370902
timestep 22
collisions 1014757462
timestep 23
collisions 1023144022
timestep 24
collisions 1031530582
timestep 25
collisions 1039917142
timestep 26
collisions 1048303702
timestep 27
collisions 1056690262
timestep 28
collisions 1065076822
timestep 29
collisions 1073463382
timestep 30
collisions 1081849942
timestep 31
collisions 1090236502
timestep 32
collisions 1098623062
timestep 33
collisions 1107009622
timestep 34
collisions 1115396182
timestep 35
collisions 1123782742
timestep 36
collisions 1132169302
timestep 37
collisions 1140555862
timestep 38
collisions 1148942422
timestep 39
collisions 1157328982
timestep 40
collisions 1165715542
timestep 41
collisions 1174102102
timestep 42
collisions 1182488662
timestep 43
collisions 1190875222
timestep 44
collisions 1199261782
timestep 45
collisions 1207648342
timestep 46
collisions 1216034902
timestep 47
collisions 1224421462
timestep 48
collisions 1232808022
timestep 49
collisions 1241194582
timestep 50
collisions 1249581142
timestep 51
collisions 1257967702
timestep 52
collisions 1266354262
timestep 53
collisions 1274740822
timestep 54
collisions 1283127382
timestep 55
collisions 1291513942
timestep 56
collisions 1299900502
timestep 57
collisions 1308287062
timestep 58
collisions 1316673622
timestep 59
collisions 1325060182
timestep 60
collisions 1333446742
timestep 61
collisions 1341833302
timestep 62
collisions 1350219862
timestep 63
collisions 1358606422
timestep 64
collisions 1366992982
timestep 65
collisions 1375379542
timestep 66
collisions 1383766102
timestep 67
collisions 1392152662
timestep 68
collisions 1400539222
timestep 69
collisions 1408925782
timestep 70
collisions 1417312342
timestep 71
collisions 1425698902
timestep 72
collisions 1434085462
timestep 73
collisions 1442472022
timestep 74
collisions 1450858582
timestep 75
collisions 1459245142
timestep 76
collisions 1467631702
timestep 77
collisions 1476018262
timestep 78
collisions 1484404822
timestep 79
collisions 1492791382
timestep 80
collisions 1501177942
timestep 81
collisions 1509564502
timestep 82
collisions 1517951062
timestep 83
collisions 1526337622
timestep 84
collisions 1534724182
timestep 85
collisions 1543110742
timestep 86
collisions 1551497302
timestep 87
collisions 1559883862
timestep 88
collisions 1568270422
timestep 89
collisions 1576656982
timestep 90
collisions 1585043542
timestep 91
collisions 1593430102
timestep 92
collisions 1601816662
timestep 93
collisions 1610203222
timestep 94
collisions 1618589782
timestep 95
collisions 1626976342
timestep 96
collisions 1635362902
timestep 97
collisions 1643749462
timestep 98
collisions 1652136022
timestep 99
collisions 1660522582
timestep 100
collisions 1668909142
100 timesteps took 8.211308 seconds
collisions 1677295702
timestep 1
collisions 1677295702
timestep 2
collisions 1685682262
timestep 3
collisions 1694068822
timestep 4
collisions 1702455382
timestep 5
collisions 1710841942
timestep 6
collisions 1719228502
timestep 7
collisions 1727615062
timestep 8
collisions 1736001622
timestep 9
collisions 1744388182
timestep 10
collisions 1752774742
timestep 11
collisions 1761161302
timestep 12
collisions 1769547862
timestep 13
collisions 1777934422
timestep 14
collisions 1786320982
timestep 15
collisions 1794707542
timestep 16
collisions 1803094102
timestep 17
collisions 1811480662
timestep 18
collisions 1819867222
timestep 19
collisions 1828253782
timestep 20
collisions 1836640342
timestep 21
collisions 1845026902
timestep 22
collisions 1853413462
timestep 23
collisions 1861800022
timestep 24
collisions 1870186582
timestep 25
collisions 1878573142
timestep 26
collisions 1886959702
timestep 27
collisions 1895346262
timestep 28
collisions 1903732822
timestep 29
collisions 1912119382
timestep 30
collisions 1920505942
timestep 31
collisions 1928892502
timestep 32
collisions 1937279062
timestep 33
collisions 1945665622
timestep 34
collisions 1954052182
timestep 35
collisions 1962438742
timestep 36
collisions 1970825302
timestep 37
collisions 1979211862
timestep 38
collisions 1987598422
timestep 39
collisions 1995984982
timestep 40
collisions 2004371542
timestep 41
collisions 2012758102
timestep 42
collisions 2021144662
timestep 43
collisions 2029531222
timestep 44
collisions 2037917782
timestep 45
collisions 2046304342
timestep 46
collisions 2054690902
timestep 47
collisions 2063077462
timestep 48
collisions 2071464022
timestep 49
collisions 2079850582
timestep 50
collisions 2088237142
timestep 51
collisions 2096623702
timestep 52
collisions 2105010262
timestep 53
collisions 2113396822
timestep 54
collisions 2121783382
timestep 55
collisions 2130169942
timestep 56
collisions 2138556502
timestep 57
collisions 2146943062
timestep 58
collisions -2139637674
timestep 59
collisions -2131251114
timestep 60
collisions -2122864554
timestep 61
collisions -2114477994
timestep 62
collisions -2106091434
timestep 63
collisions -2097704874
timestep 64
collisions -2089318314
timestep 65
collisions -2080931754
timestep 66
collisions -2072545194
timestep 67
collisions -2064158634
timestep 68
collisions -2055772074
timestep 69
collisions -2047385514
timestep 70
collisions -2038998954
timestep 71
collisions -2030612394
timestep 72
collisions -2022225834
timestep 73
collisions -2013839274
timestep 74
collisions -2005452714
timestep 75
collisions -1997066154
timestep 76
collisions -1988679594
timestep 77
collisions -1980293034
timestep 78
collisions -1971906474
timestep 79
collisions -1963519914
timestep 80
collisions -1955133354
timestep 81
collisions -1946746794
timestep 82
collisions -1938360234
timestep 83
collisions -1929973674
timestep 84
collisions -1921587114
timestep 85
collisions -1913200554
timestep 86
collisions -1904813994
timestep 87
collisions -1896427434
timestep 88
collisions -1888040874
timestep 89
collisions -1879654314
timestep 90
collisions -1871267754
timestep 91
collisions -1862881194
timestep 92
collisions -1854494634
timestep 93
collisions -1846108074
timestep 94
collisions -1837721514
timestep 95
collisions -1829334954
timestep 96
collisions -1820948394
timestep 97
collisions -1812561834
timestep 98
collisions -1804175274
timestep 99
collisions -1795788714
timestep 100
collisions -1787402154
100 timesteps took 8.248344 seconds
collisions -1779015594
timestep 1
collisions -1779015594
timestep 2
collisions -1770629034
timestep 3
collisions -1762242474
timestep 4
collisions -1753855914
timestep 5
collisions -1745469354
timestep 6
collisions -1737082794
timestep 7
collisions -1728696234
timestep 8
collisions -1720309674
timestep 9
collisions -1711923114
timestep 10
collisions -1703536554
timestep 11
collisions -1695149994
timestep 12
collisions -1686763434
timestep 13
collisions -1678376874
timestep 14
collisions -1669990314
timestep 15
collisions -1661603754
timestep 16
collisions -1653217194
timestep 17
collisions -1644830634
timestep 18
collisions -1636444074
timestep 19
collisions -1628057514
timestep 20
collisions -1619670954
timestep 21
collisions -1611284394
timestep 22
collisions -1602897834
timestep 23
collisions -1594511274
timestep 24
collisions -1586124714
timestep 25
collisions -1577738154
timestep 26
collisions -1569351594
timestep 27
collisions -1560965034
timestep 28
collisions -1552578474
timestep 29
collisions -1544191914
timestep 30
collisions -1535805354
timestep 31
collisions -1527418794
timestep 32
collisions -1519032234
timestep 33
collisions -1510645674
timestep 34
collisions -1502259114
timestep 35
collisions -1493872554
timestep 36
collisions -1485485994
timestep 37
collisions -1477099434
timestep 38
collisions -1468712874
timestep 39
collisions -1460326314
timestep 40
collisions -1451939754
timestep 41
collisions -1443553194
timestep 42
collisions -1435166634
timestep 43
collisions -1426780074
timestep 44
collisions -1418393514
timestep 45
collisions -1410006954
timestep 46
collisions -1401620394
timestep 47
collisions -1393233834
timestep 48
collisions -1384847274
timestep 49
collisions -1376460714
timestep 50
collisions -1368074154
timestep 51
collisions -1359687594
timestep 52
collisions -1351301034
timestep 53
collisions -1342914474
timestep 54
collisions -1334527914
timestep 55
collisions -1326141354
timestep 56
collisions -1317754794
timestep 57
collisions -1309368234
timestep 58
collisions -1300981674
timestep 59
collisions -1292595114
timestep 60
collisions -1284208554
timestep 61
collisions -1275821994
timestep 62
collisions -1267435434
timestep 63
collisions -1259048874
timestep 64
collisions -1250662314
timestep 65
collisions -1242275754
timestep 66
collisions -1233889194
timestep 67
collisions -1225502634
timestep 68
collisions -1217116074
timestep 69
collisions -1208729514
timestep 70
collisions -1200342954
timestep 71
collisions -1191956394
timestep 72
collisions -1183569834
timestep 73
collisions -1175183274
timestep 74
collisions -1166796714
timestep 75
collisions -1158410154
timestep 76
collisions -1150023594
timestep 77
collisions -1141637034
timestep 78
collisions -1133250474
timestep 79
collisions -1124863914
timestep 80
collisions -1116477354
timestep 81
collisions -1108090794
timestep 82
collisions -1099704234
timestep 83
collisions -1091317674
timestep 84
collisions -1082931114
timestep 85
collisions -1074544554
timestep 86
collisions -1066157994
timestep 87
collisions -1057771434
timestep 88
collisions -1049384874
timestep 89
collisions -1040998314
timestep 90
collisions -1032611754
timestep 91
collisions -1024225194
timestep 92
collisions -1015838634
timestep 93
collisions -1007452074
timestep 94
collisions -999065514
timestep 95
collisions -990678954
timestep 96
collisions -982292394
timestep 97
collisions -973905834
timestep 98
collisions -965519274
timestep 99
collisions -957132714
timestep 100
collisions -948746154
100 timesteps took 8.312535 seconds
collisions -940359594
timestep 1
collisions -940359594
timestep 2
collisions -931973034
timestep 3
collisions -923586474
timestep 4
collisions -915199914
timestep 5
collisions -906813354
timestep 6
collisions -898426794
timestep 7
collisions -890040234
timestep 8
collisions -881653674
timestep 9
collisions -873267114
timestep 10
collisions -864880554
timestep 11
collisions -856493994
timestep 12
collisions -848107434
timestep 13
collisions -839720874
timestep 14
collisions -831334314
timestep 15
collisions -822947754
timestep 16
collisions -814561194
timestep 17
collisions -806174634
timestep 18
collisions -797788074
timestep 19
collisions -789401514
timestep 20
collisions -781014954
timestep 21
collisions -772628394
timestep 22
collisions -764241834
timestep 23
collisions -755855274
timestep 24
collisions -747468714
timestep 25
collisions -739082154
timestep 26
collisions -730695594
timestep 27
collisions -722309034
timestep 28
collisions -713922474
timestep 29
collisions -705535914
timestep 30
collisions -697149354
timestep 31
collisions -688762794
timestep 32
collisions -680376234
timestep 33
collisions -671989674
timestep 34
collisions -663603114
timestep 35
collisions -655216554
timestep 36
collisions -646829994
timestep 37
collisions -638443434
timestep 38
collisions -630056874
timestep 39
collisions -621670314
timestep 40
collisions -613283754
timestep 41
collisions -604897194
timestep 42
collisions -596510634
timestep 43
collisions -588124074
timestep 44
collisions -579737514
timestep 45
collisions -571350954
timestep 46
collisions -562964394
timestep 47
collisions -554577834
timestep 48
collisions -546191274
timestep 49
collisions -537804714
timestep 50
collisions -529418154
timestep 51
collisions -521031594
timestep 52
collisions -512645034
timestep 53
collisions -504258474
timestep 54
collisions -495871914
timestep 55
collisions -487485354
timestep 56
collisions -479098794
timestep 57
collisions -470712234
timestep 58
collisions -462325674
timestep 59
collisions -453939114
timestep 60
collisions -445552554
timestep 61
collisions -437165994
timestep 62
collisions -428779434
timestep 63
collisions -420392874
timestep 64
collisions -412006314
timestep 65
collisions -403619754
timestep 66
collisions -395233194
timestep 67
collisions -386846634
timestep 68
collisions -378460074
timestep 69
collisions -370073514
timestep 70
collisions -361686954
timestep 71
collisions -353300394
timestep 72
collisions -344913834
timestep 73
collisions -336527274
timestep 74
collisions -328140714
timestep 75
collisions -319754154
timestep 76
collisions -311367594
timestep 77
collisions -302981034
timestep 78
collisions -294594474
timestep 79
collisions -286207914
timestep 80
collisions -277821354
timestep 81
collisions -269434794
timestep 82
collisions -261048234
timestep 83
collisions -252661674
timestep 84
collisions -244275114
timestep 85
collisions -235888554
timestep 86
collisions -227501994
timestep 87
collisions -219115434
timestep 88
collisions -210728874
timestep 89
collisions -202342314
timestep 90
collisions -193955754
timestep 91
collisions -185569194
timestep 92
collisions -177182634
timestep 93
collisions -168796074
timestep 94
collisions -160409514
timestep 95
collisions -152022954
timestep 96
collisions -143636394
timestep 97
collisions -135249834
timestep 98
collisions -126863274
timestep 99
collisions -118476714
timestep 100
collisions -110090154
100 timesteps took 8.223502 seconds
collisions -101703594
500 timesteps took 41.270930 seconds
