Loading intel-20.4/cmkl
  Loading requirement: intel-license
Loading intel-20.4/compilers
  Loading requirement: gcc/10.2.0 intel-20.4/cc intel-20.4/fc
Ndim == 3
Npair == 8386560
timestep 1
collisions 0
timestep 2
collisions 8378411
timestep 3
collisions 16756822
timestep 4
collisions 25143382
timestep 5
collisions 33529942
timestep 6
collisions 41916502
timestep 7
collisions 50303062
timestep 8
collisions 58689622
timestep 9
collisions 67076182
timestep 10
collisions 75462742
timestep 11
collisions 83849302
timestep 12
collisions 92235862
timestep 13
collisions 100622422
timestep 14
collisions 109008982
timestep 15
collisions 117395542
timestep 16
collisions 125782102
timestep 17
collisions 134168662
timestep 18
collisions 142555222
timestep 19
collisions 150941782
timestep 20
collisions 159328342
timestep 21
collisions 167714902
timestep 22
collisions 176101462
timestep 23
collisions 184488022
timestep 24
collisions 192874582
timestep 25
collisions 201261142
timestep 26
collisions 209647702
timestep 27
collisions 218034262
timestep 28
collisions 226420822
timestep 29
collisions 234807382
timestep 30
collisions 243193942
timestep 31
collisions 251580502
timestep 32
collisions 259967062
timestep 33
collisions 268353622
timestep 34
collisions 276740182
timestep 35
collisions 285126742
timestep 36
collisions 293513302
timestep 37
collisions 301899862
timestep 38
collisions 310286422
timestep 39
collisions 318672982
timestep 40
collisions 327059542
timestep 41
collisions 335446102
timestep 42
collisions 343832662
timestep 43
collisions 352219222
timestep 44
collisions 360605782
timestep 45
collisions 368992342
timestep 46
collisions 377378902
timestep 47
collisions 385765462
timestep 48
collisions 394152022
timestep 49
collisions 402538582
timestep 50
collisions 410925142
timestep 51
collisions 419311702
timestep 52
collisions 427698262
timestep 53
collisions 436084822
timestep 54
collisions 444471382
timestep 55
collisions 452857942
timestep 56
collisions 461244502
timestep 57
collisions 469631062
timestep 58
collisions 478017622
timestep 59
collisions 486404182
timestep 60
collisions 494790742
timestep 61
collisions 503177302
timestep 62
collisions 511563862
timestep 63
collisions 519950422
timestep 64
collisions 528336982
timestep 65
collisions 536723542
timestep 66
collisions 545110102
timestep 67
collisions 553496662
timestep 68
collisions 561883222
timestep 69
collisions 570269782
timestep 70
collisions 578656342
timestep 71
collisions 587042902
timestep 72
collisions 595429462
timestep 73
collisions 603816022
timestep 74
collisions 612202582
timestep 75
collisions 620589142
timestep 76
collisions 628975702
timestep 77
collisions 637362262
timestep 78
collisions 645748822
timestep 79
collisions 654135382
timestep 80
collisions 662521942
timestep 81
collisions 670908502
timestep 82
collisions 679295062
timestep 83
collisions 687681622
timestep 84
collisions 696068182
timestep 85
collisions 704454742
timestep 86
collisions 712841302
timestep 87
collisions 721227862
timestep 88
collisions 729614422
timestep 89
collisions 738000982
timestep 90
collisions 746387542
timestep 91
collisions 754774102
timestep 92
collisions 763160662
timestep 93
collisions 771547222
timestep 94
collisions 779933782
timestep 95
collisions 788320342
timestep 96
collisions 796706902
timestep 97
collisions 805093462
timestep 98
collisions 813480022
timestep 99
collisions 821866582
timestep 100
collisions 830253142
100 timesteps took 9.042329 seconds
collisions 838639702
100 timesteps took 9.056195 seconds
