Loading intel-20.4/cmkl
  Loading requirement: intel-license
Loading intel-20.4/compilers
  Loading requirement: gcc/10.2.0 intel-20.4/cc intel-20.4/fc
Ndim == 3
Npair == 8386560
timestep 1
collisions 0
timestep 2
collisions 0
timestep 3
collisions 0
timestep 4
collisions 8386560
timestep 5
collisions 16773120
timestep 6
collisions 25159680
timestep 7
collisions 33546240
timestep 8
collisions 41932800
timestep 9
collisions 50319360
timestep 10
collisions 58705920
timestep 11
collisions 67092480
timestep 12
collisions 75479040
timestep 13
collisions 83865600
timestep 14
collisions 92252160
timestep 15
collisions 100638720
timestep 16
collisions 109025280
timestep 17
collisions 117411840
timestep 18
collisions 125798400
timestep 19
collisions 134184960
timestep 20
collisions 142571520
timestep 21
collisions 150958080
timestep 22
collisions 159344640
timestep 23
collisions 167731200
timestep 24
collisions 176117760
timestep 25
collisions 184504320
timestep 26
collisions 192890880
timestep 27
collisions 201277440
timestep 28
collisions 209664000
timestep 29
collisions 218050560
timestep 30
collisions 226437120
timestep 31
collisions 234823680
timestep 32
collisions 243210240
timestep 33
collisions 251596800
timestep 34
collisions 259983360
timestep 35
collisions 268369920
timestep 36
collisions 276756480
timestep 37
collisions 285143040
timestep 38
collisions 293529600
timestep 39
collisions 301916160
timestep 40
collisions 310302720
timestep 41
collisions 318689280
timestep 42
collisions 327075840
timestep 43
collisions 335462400
timestep 44
collisions 343848960
timestep 45
collisions 352235520
timestep 46
collisions 360622080
timestep 47
collisions 369008640
timestep 48
collisions 377395200
timestep 49
collisions 385781760
timestep 50
collisions 394168320
timestep 51
collisions 402554880
timestep 52
collisions 410941440
timestep 53
collisions 419328000
timestep 54
collisions 427714560
timestep 55
collisions 436101120
timestep 56
collisions 444487680
timestep 57
collisions 452874240
timestep 58
collisions 461260800
timestep 59
collisions 469647360
timestep 60
collisions 478033920
timestep 61
collisions 486420480
timestep 62
collisions 494807040
timestep 63
collisions 503193600
timestep 64
collisions 511580160
timestep 65
collisions 519966720
timestep 66
collisions 528353280
timestep 67
collisions 536739840
timestep 68
collisions 545126400
timestep 69
collisions 553512960
timestep 70
collisions 561899520
timestep 71
collisions 570286080
timestep 72
collisions 578672640
timestep 73
collisions 587059200
timestep 74
collisions 595445760
timestep 75
collisions 603832320
timestep 76
collisions 612218880
timestep 77
collisions 620605440
timestep 78
collisions 628992000
timestep 79
collisions 637378560
timestep 80
collisions 645765120
timestep 81
collisions 654151680
timestep 82
collisions 662538240
timestep 83
collisions 670924800
timestep 84
collisions 679311360
timestep 85
collisions 687697920
timestep 86
collisions 696084480
timestep 87
collisions 704471040
timestep 88
collisions 712857600
timestep 89
collisions 721244160
timestep 90
collisions 729630720
timestep 91
collisions 738017280
timestep 92
collisions 746403840
timestep 93
collisions 754790400
timestep 94
collisions 763176960
timestep 95
collisions 771563520
timestep 96
collisions 779950080
timestep 97
collisions 788336640
timestep 98
collisions 796723200
timestep 99
collisions 805109760
timestep 100
collisions 813496320
100 timesteps took 15.276761 seconds
collisions 821882880
100 timesteps took 15.287637 seconds
