Loading intel-20.4/cmkl
  Loading requirement: intel-license
Loading intel-20.4/compilers
  Loading requirement: gcc/10.2.0 intel-20.4/cc intel-20.4/fc
timestep 1
collisions 0
timestep 2
collisions 0
timestep 3
collisions 0
timestep 4
collisions 0
timestep 5
collisions 0
timestep 6
collisions 0
timestep 7
collisions 0
timestep 8
collisions 0
timestep 9
collisions 0
timestep 10
collisions 0
timestep 11
collisions 0
timestep 12
collisions 0
timestep 13
collisions 0
timestep 14
collisions 0
timestep 15
collisions 0
timestep 16
collisions 0
timestep 17
collisions 0
timestep 18
collisions 0
timestep 19
collisions 0
timestep 20
collisions 0
timestep 21
collisions 0
timestep 22
collisions 0
timestep 23
collisions 0
timestep 24
collisions 0
timestep 25
collisions 0
timestep 26
collisions 0
timestep 27
collisions 0
timestep 28
collisions 0
timestep 29
collisions 0
timestep 30
collisions 0
timestep 31
collisions 0
timestep 32
collisions 0
timestep 33
collisions 0
timestep 34
collisions 0
timestep 35
collisions 0
timestep 36
collisions 0
timestep 37
collisions 0
timestep 38
collisions 0
timestep 39
collisions 0
timestep 40
collisions 0
timestep 41
collisions 0
timestep 42
collisions 0
timestep 43
collisions 0
timestep 44
collisions 0
timestep 45
collisions 0
timestep 46
collisions 0
timestep 47
collisions 0
timestep 48
collisions 0
timestep 49
collisions 0
timestep 50
collisions 0
timestep 51
collisions 0
timestep 52
collisions 0
timestep 53
collisions 0
timestep 54
collisions 0
timestep 55
collisions 0
timestep 56
collisions 0
timestep 57
collisions 0
timestep 58
collisions 0
timestep 59
collisions 0
timestep 60
collisions 0
timestep 61
collisions 0
timestep 62
collisions 0
timestep 63
collisions 0
timestep 64
collisions 0
timestep 65
collisions 0
timestep 66
collisions 0
timestep 67
collisions 0
timestep 68
collisions 0
timestep 69
collisions 0
timestep 70
collisions 0
timestep 71
collisions 0
timestep 72
collisions 0
timestep 73
collisions 0
timestep 74
collisions 0
timestep 75
collisions 0
timestep 76
collisions 0
timestep 77
collisions 0
timestep 78
collisions 0
timestep 79
collisions 0
timestep 80
collisions 0
timestep 81
collisions 0
timestep 82
collisions 0
timestep 83
collisions 0
timestep 84
collisions 0
timestep 85
collisions 0
timestep 86
collisions 0
timestep 87
collisions 0
timestep 88
collisions 0
timestep 89
collisions 0
timestep 90
collisions 0
timestep 91
collisions 0
timestep 92
collisions 0
timestep 93
collisions 0
timestep 94
collisions 0
timestep 95
collisions 0
timestep 96
collisions 0
timestep 97
collisions 0
timestep 98
collisions 0
timestep 99
collisions 0
timestep 100
collisions 0
100 timesteps took 15.203989 seconds
collisions 0
timestep 1
collisions 0
timestep 2
collisions 0
timestep 3
collisions 0
timestep 4
collisions 0
timestep 5
collisions 0
timestep 6
collisions 0
timestep 7
collisions 0
timestep 8
collisions 0
timestep 9
collisions 0
timestep 10
collisions 0
timestep 11
collisions 0
timestep 12
collisions 0
timestep 13
collisions 0
timestep 14
collisions 0
timestep 15
collisions 0
timestep 16
collisions 0
timestep 17
collisions 0
timestep 18
collisions 0
timestep 19
collisions 0
timestep 20
collisions 0
timestep 21
collisions 0
timestep 22
collisions 0
timestep 23
collisions 0
timestep 24
collisions 0
timestep 25
collisions 0
timestep 26
collisions 0
timestep 27
collisions 0
timestep 28
collisions 0
timestep 29
collisions 0
timestep 30
collisions 0
timestep 31
collisions 0
timestep 32
collisions 0
timestep 33
collisions 0
timestep 34
collisions 0
timestep 35
collisions 0
timestep 36
collisions 0
timestep 37
collisions 0
timestep 38
collisions 0
timestep 39
collisions 0
timestep 40
collisions 0
timestep 41
collisions 0
timestep 42
collisions 0
timestep 43
collisions 0
timestep 44
collisions 0
timestep 45
collisions 0
timestep 46
collisions 0
timestep 47
collisions 0
timestep 48
collisions 0
timestep 49
collisions 0
timestep 50
collisions 0
timestep 51
collisions 0
timestep 52
collisions 0
timestep 53
collisions 0
timestep 54
collisions 0
timestep 55
collisions 0
timestep 56
collisions 0
timestep 57
collisions 0
timestep 58
collisions 0
timestep 59
collisions 1
timestep 60
collisions 3
timestep 61
collisions 5
timestep 62
collisions 414
timestep 63
collisions 823
timestep 64
collisions 1232
timestep 65
collisions 1641
timestep 66
collisions 2050
timestep 67
collisions 2459
timestep 68
collisions 2868
timestep 69
collisions 3277
timestep 70
collisions 3686
timestep 71
collisions 4095
timestep 72
collisions 4504
timestep 73
collisions 4914
timestep 74
collisions 5324
timestep 75
collisions 5734
timestep 76
collisions 6144
timestep 77
collisions 6554
timestep 78
collisions 6964
timestep 79
collisions 7374
timestep 80
collisions 7784
timestep 81
collisions 8193
timestep 82
collisions 8602
timestep 83
collisions 8605
timestep 84
collisions 8608
timestep 85
collisions 8611
timestep 86
collisions 8614
timestep 87
collisions 8617
timestep 88
collisions 8620
timestep 89
collisions 8623
timestep 90
collisions 8626
timestep 91
collisions 8629
timestep 92
collisions 8632
timestep 93
collisions 8635
timestep 94
collisions 8638
timestep 95
collisions 8642
timestep 96
collisions 8646
timestep 97
collisions 8649
timestep 98
collisions 8652
timestep 99
collisions 8655
timestep 100
collisions 8658
100 timesteps took 15.174320 seconds
collisions 8661
slurmstepd: error: *** JOB 6203175 ON r1i2n3 CANCELLED AT 2024-10-26T10:22:40 ***
