12 [140589755844480] INFO perfrun.launcher <> - Launcher main begin
21 [140589755844480] INFO perfrun.launcher <> - MessageCatalogInit finished
21 [140589755844480] INFO perfrun.launcher <> - Launcher instance created
22 [140589755844480] INFO perfrun.launcher <> - argc = 7; cmdline = /mnt/lustre/e1000/home/y07/shared/cirrus-software/intel/advisor_2020.3.0.607294/bin64/advixe-runss --ui-output-format xml --ui-output-fd 64 --option-file /work/m24ol/m24ol/i2618173/pp_assessment_2/C/MD-advixe/e000/hs002/config/runss.options 
87 [140589755844480] INFO perfrun.launcher <> - plugin remoteplug has been added successfully
87 [140589755844480] INFO perfrun.launcher <> - plugin system has been added successfully
87 [140589755844480] INFO perfrun.launcher <> - plugin vdso has been added successfully
87 [140589755844480] INFO perfrun.launcher <> - plugin itt has been added successfully
87 [140589755844480] INFO perfrun.launcher <> - plugin  has been added successfully
87 [140589755844480] INFO perfrun.launcher <> - plugin gpu has been added successfully
87 [140589755844480] INFO perfrun.launcher <> - plugin  has been added successfully
87 [140589755844480] INFO perfrun.launcher <> - plugin  has been added successfully
87 [140589755844480] INFO perfrun.launcher <> - plugin  has been added successfully
87 [140589755844480] INFO perfrun.launcher <> - plugin mrte has been added successfully
87 [140589755844480] INFO perfrun.launcher <> - plugin  has been added successfully
87 [140589755844480] INFO perfrun.launcher <> - plugin  has been added successfully
87 [140589755844480] INFO perfrun.launcher <> - plugin  has been added successfully
95 [140589755844480] INFO perfrun.launcher <> - plugin  has been added successfully
95 [140589755844480] INFO perfrun.launcher <> - plugin  has been added successfully
95 [140589755844480] INFO perfrun.launcher <> - plugin  has been added successfully
95 [140589755844480] INFO perfrun.launcher <> - plugin  has been added successfully
96 [140589755844480] INFO perfrun.launcher <> - plugin tpss has been added successfully
96 [140589755844480] INFO perfrun.launcher <> - plugin  has been added successfully
96 [140589755844480] INFO perfrun.launcher <> - plugin  has been added successfully
96 [140589755844480] INFO perfrun.launcher <> - plugin  has been added successfully
96 [140589755844480] INFO perfrun.launcher <> - plugin  has been added successfully
96 [140589755844480] INFO perfrun.launcher <> - plugin  has been added successfully
96 [140589755844480] INFO perfrun.launcher <> - plugin  has been added successfully
96 [140589755844480] INFO perfrun.launcher <> - plugin  has been added successfully
96 [140589755844480] INFO perfrun.launcher <> - plugin  has been added successfully
96 [140589755844480] INFO perfrun.launcher <> - plugin  has been added successfully
96 [140589755844480] INFO perfrun.launcher <> - plugin  has been added successfully
96 [140589755844480] INFO perfrun.launcher <> - the option was added --interval: Specify an interval of data collection (for example, sampling) in milliseconds.
96 [140589755844480] INFO perfrun.launcher <> - the option was added --follow-child: Profile process with or without children.
96 [140589755844480] INFO perfrun.launcher <> - the option was added --gelding: BADMSG: perfrun1.launcher.plugin_manager::gelding
96 [140589755844480] INFO perfrun.launcher <> - the option was added --time-source: Specify time source for measurement. Possible values: sys - wall clock time; tsc - time stamp counter; ext - time from an external source; auto - auto select accurate time source.
96 [140589755844480] INFO perfrun.launcher <> - the option was added --stack: Enable or disable collection of stacks.
96 [140589755844480] INFO perfrun.launcher <> - the option was added --stack-stitching: Enable or disable the stack stitching algorithm for Intel TBB-based applications.
96 [140589755844480] INFO perfrun.launcher <> - the option was added --type: Specify type of data to be collected. For example, --type cpu:counters,waiting:nostack,io.
96 [140589755844480] INFO perfrun.launcher <> - the option was added --mrte-mode: Specify Java/.NET/other managed runtime collection mode. Possible values: native - collect information only for native code; managed - collect information only for managed code; mixed - collect information for both managed and native code; auto - choose the mode based on binary type.
96 [140589755844480] INFO perfrun.launcher <> - the option was added --mrte-mode-list: List supported Java/.NET/other managed runtime collection modes.
96 [140589755844480] INFO perfrun.launcher <> - the option was added --mrte-type: Specify which managed runtimes to collect. Possible values: java - collect information for Java; dotnet - collect information for .NET; python - collect information for CPython. You can specify several values separated by comma.
96 [140589755844480] INFO perfrun.launcher <> - the option was added --mrte-type-list: List supported Java/.NET/other managed runtime types.
96 [140589755844480] INFO perfrun.launcher <> - the option was added --trace-strategy: Specify how to profile a process tree. <string> can be "<process>:trace:notrace" - profile the process but do not profile its children. Shorthand parameters: t - trace, nt - notrace. For example, "vtunedemo.exe:t:t".
96 [140589755844480] INFO perfrun.launcher <> - the option was added --collector: BADMSG: perfrun1.launcher.plugin_manager::collector
96 [140589755844480] INFO perfrun.launcher <> - the option was added --system-wide: Enable system-wide profiling. This mode may require additional permissions.
96 [140589755844480] INFO perfrun.launcher <> - the option was added --kvm-guest: Enable KVM guest OS profiling.
96 [140589755844480] INFO perfrun.launcher <> - the option was added --kvm-guest-kallsyms: Specify a local path to the /proc/kallsyms file copied from the guest OS for proper symbol resolution.
96 [140589755844480] INFO perfrun.launcher <> - the option was added --kvm-guest-modules: Specify a local path to the /proc/modules file copied from the guest OS for proper symbol resolution.
97 [140589755844480] INFO perfrun.launcher <> - the option was added --bandwidth-limits: Measure bandwidth limits
97 [140589755844480] INFO perfrun.launcher <> - the option was added --bandwidth-strategy: Bandwidth limits determination specific properties (example: --bandwidth-strategy array-size=0,duration=500).
97 [140589755844480] INFO perfrun.launcher <> - the option was added --bandwidth-config: List of benchmarks to run.
97 [140589755844480] INFO perfrun.launcher <> - the option was added --dump-vdso: Dump [vdso] to result directory
97 [140589755844480] INFO perfrun.launcher <> - the option was added --system-collector-config: Specify subcollectors. Possible values: all, container, device-info, none. Specify subcollectors. Possible values: all, vdso.
97 [140589755844480] INFO perfrun.launcher <> - the option was added --itt-config: Specify a sub-set of ITT API to collect.
97 [140589755844480] INFO perfrun.launcher <> - the option was added --itt-debug: Set pseudo-breakpoint at ITT API collector's start to enable the debugger to attach early.
97 [140589755844480] INFO perfrun.launcher <> - the option was added --gpu-config: Specify types of GPU data to be collected. Possible values: preset1, preset2.
97 [140589755844480] INFO perfrun.launcher <> - the option was added --gpu-debug: Enable self-testing of the GPGPU profiling collector.
97 [140589755844480] INFO perfrun.launcher <> - the option was added --gpu-counting: Collect GPU data in the counting mode.
97 [140589755844480] INFO perfrun.launcher <> - the option was added --stackwalk: Specify stack unwinding method. Possible values: online - unwind stacks during collection; offline - unwind stacks after collection is finished.
97 [140589755844480] INFO perfrun.launcher <> - the option was added --filter-include: Filter data during collection. Possible values: contended=<on|off> - filter out uncontended events; contended_nostack=<time> - filter out stacks for contended events that take less than <time> microseconds; wait=<time> - ignore transitions and blocks with wait time less than <time> microseconds; wait_nostack=<time> - filter out stacks for waits that take less than <time> microseconds.
97 [140589755844480] INFO perfrun.launcher <> - the option was added --debug-pin: Debug PIN tool and runtime.
97 [140589755844480] INFO perfrun.launcher <> - the option was added --debug-exception: Disallow the application to set own abnormal termination handler.
97 [140589755844480] INFO perfrun.launcher <> - the option was added --trace-type: Specify the trace file granularity. Possible values: per-thread - per-thread trace file generation; per-process - per-process trace file generation.
97 [140589755844480] INFO perfrun.launcher <> - the option was added --instrumentation-type: Specify type of instrumentation.
97 [140589755844480] INFO perfrun.launcher <> - the option was added --altstack: Enable or disable usage of altstacks for profiling signal handlers.
97 [140589755844480] INFO perfrun.launcher <> - the option was added --profiling-signal: Alternate profiling signal.
97 [140589755844480] INFO perfrun.launcher <> - the option was added --memory-strategy: Specify a minimal memory object size to be traced and a hash table size for faster objects search; for example: --memory-strategy obj-size-min=1024,hash-table-size=4096.
97 [140589755844480] INFO perfrun.launcher <> - the option was added --gpu-profiling-type: Specify a type of deep GPU profiling: none, bblatency, memlatency, instcount.
97 [140589755844480] INFO perfrun.launcher <> - the option was added --opencl-trace-mode: Specify OpenCL kernel tracing modes: 'default' to trace OpenCL kernels for Intel Graphics Driver only; 'epoch' for any non-Intel graphics, where OpenCL kernels will be traced and OpenCL profiling API timestamps will be interpreted as Unux Epoch time in nanoseconds; 'completion' to trace OpenCL kernels for any Graphics Driver and bind OpenCL profiling API timestamps to the timestamp of OpenCL completion callback.
97 [140589755844480] INFO perfrun.launcher <> - the option was added --gpu-kernels-to-profile: Specify a comma-separated list of GPU kernel names and invocations to be profiled in the following format: kernel_name[#start_idx#step#stop_idx], where kernel_name is the name of GPU kernel; start_idx is the number of the first invocation; and stop_idx is the number of the last invocation to be profiled.
99 [140589755844480] INFO perfrun.launcher <> - create msngr2::ICliToolContext
99 [140589755844480] INFO perfrun.launcher <> - create file finder object
99 [140589755844480] INFO perfrun.launcher <> - create a result directory: pattern = /work/m24ol/m24ol/i2618173/pp_assessment_2/C/MD-advixe/e000/hs002 pid = 4294967295
113 [140589755844480] INFO perfrun.sdk <> - checked that the directory /work/m24ol/m24ol/i2618173/pp_assessment_2/C/MD-advixe/e000/hs002 is a local directory
133 [140589755844480] INFO perfrun.sdk <> - the directory /work/m24ol/m24ol/i2618173/pp_assessment_2/C/MD-advixe/e000/hs002 is located on a share or its FS ID is unknown 198183888
133 [140589755844480] INFO perfrun.sdk <> - checked that the directory /tmp/advixe-tmp-i2618173 is a local directory
133 [140589755844480] INFO perfrun.sdk <> - the directory /tmp/advixe-tmp-i2618173 is a local directory with FS type ID 1481003842
133 [140589755844480] INFO perfrun.launcher <> - Create a local result directory /tmp/advixe-tmp-i2618173/advixe-res-2387278-13256268281755506 due to the user result path /work/m24ol/m24ol/i2618173/pp_assessment_2/C/MD-advixe/e000/hs002 is located on a share
134 [140589755844480] INFO perfrun.launcher <> - create data directory = /tmp/advixe-tmp-i2618173/advixe-res-2387278-13256268281755506/data.0
136 [140589755844480] INFO perfrun.launcher <> - create data directory = /work/m24ol/m24ol/i2618173/pp_assessment_2/C/MD-advixe/e000/hs002/data.0
137 [140589755844480] INFO perfrun.launcher <> - Creating the master collection flag
143 [140589755844480] INFO perfrun.launcher <> - Done creating the master collection flag
152 [140589322581760] INFO perfrun.launcher <> - plugin [remoteplug] was disabled because it doesn't support the given collection type.
152 [140589322581760] INFO perfrun.sdk <> - Allocating TMU :/tmp/advixe-tmp-i2618173/advixe-res-2387278-13256268281755506/data.0/systemcollector-2387278-cirrus-login2.sc
153 [140589322581760] INFO perfrun.launcher <> - plugin [] was disabled because it doesn't support the given collection type.
153 [140589322581760] INFO perfrun.launcher <> - plugin [gpu] was disabled because it doesn't support the given collection type.
153 [140589322581760] INFO perfrun.launcher <> - plugin [] was disabled because it doesn't support the given collection type.
153 [140589322581760] INFO perfrun.launcher <> - plugin [] was disabled because it doesn't support the given collection type.
153 [140589322581760] INFO perfrun.launcher <> - plugin [] was disabled because it doesn't support the given collection type.
153 [140589322581760] INFO perfrun.mrte <> - system-wide mode is 0
153 [140589322581760] INFO perfrun.mrte <> - Getting  mrte profiling environment ...
344 [140589322581760] INFO perfrun.mrte <> - INTEL_MRTE_DATA_DIR=/tmp/advixe-tmp-i2618173/advixe-res-2387278-13256268281755506/data.0
344 [140589322581760] INFO perfrun.mrte <> - INTEL_MRTE_HOST_NAME=cirrus-login2
344 [140589322581760] INFO perfrun.mrte <> - Data directory: /tmp/advixe-tmp-i2618173/advixe-res-2387278-13256268281755506/data.0
344 [140589322581760] INFO perfrun.mrte <> - Mrte plugin is initialized
344 [140589322581760] INFO perfrun.launcher <> - plugin [] was disabled because it doesn't support the given collection type.
344 [140589322581760] INFO perfrun.launcher <> - plugin [] was disabled because it doesn't support the given collection type.
344 [140589322581760] INFO perfrun.launcher <> - plugin [] was disabled because it doesn't support the given collection type.
344 [140589322581760] INFO perfrun.launcher <> - plugin [] was disabled because it doesn't support the given collection type.
344 [140589322581760] INFO perfrun.launcher <> - plugin [] was disabled because it doesn't support the given collection type.
344 [140589322581760] INFO perfrun.launcher <> - plugin [] was disabled because it doesn't support the given collection type.
344 [140589322581760] INFO perfrun.launcher <> - plugin [] was disabled because it doesn't support the given collection type.
344 [140589322581760] INFO perfrun.tpss <> - initialize tpss controller
344 [140589322581760] INFO perfrun.tpss <> - configure collection mode: value = cpu:stack
344 [140589322581760] INFO perfrun.tpss <> - default obj-size-min=1024
344 [140589322581760] INFO perfrun.tpss <> - default hash-table-size=0
387 [140589322581760] INFO perfrun.launcher <> - plugin [] was disabled because it doesn't support the given collection type.
387 [140589322581760] INFO perfrun.launcher <> - plugin [] was disabled because it doesn't support the given collection type.
387 [140589322581760] INFO perfrun.launcher <> - plugin [] was disabled because it doesn't support the given collection type.
387 [140589322581760] INFO perfrun.launcher <> - plugin [] was disabled because it doesn't support the given collection type.
387 [140589322581760] INFO perfrun.launcher <> - plugin [] was disabled because it doesn't support the given collection type.
387 [140589322581760] INFO perfrun.launcher <> - plugin [] was disabled because it doesn't support the given collection type.
387 [140589322581760] INFO perfrun.launcher <> - plugin [] was disabled because it doesn't support the given collection type.
387 [140589322581760] INFO perfrun.launcher <> - plugin [] was disabled because it doesn't support the given collection type.
387 [140589322581760] INFO perfrun.launcher <> - plugin [] was disabled because it doesn't support the given collection type.
387 [140589322581760] INFO perfrun.launcher <> - plugin [] was disabled because it doesn't support the given collection type.
387 [140589755844480] INFO perfrun.launcher <> - set environment variable: LD_LIBRARY_PATH = /mnt/lustre/e1000/home/y07/shared/cirrus-software/intel/advisor_2020.3.0.607294/lib32/runtime:/mnt/lustre/e1000/home/y07/shared/cirrus-software/intel/advisor_2020.3.0.607294/lib64/runtime:/mnt/lustre/e1000/home/y07/shared/cirrus-software/oneapi/compiler/2024.0/opt/oclfpga/host/linux64/lib:/mnt/lustre/e1000/home/y07/shared/cirrus-software/oneapi/compiler/2024.0/opt/compiler/lib:/mnt/lustre/e1000/home/y07/shared/cirrus-software/oneapi/compiler/2024.0/lib:/mnt/lustre/e1000/home/y07/shared/cirrus-software/oneapi/tbb/2021.11/lib:/work/y07/shared/cirrus-software/intel/itac/2020.3.036/intel64/slib:/work/y07/shared/cirrus-software/intel/compilers_and_libraries_2020.4.304/linux/compiler/lib/intel64_lin:/work/y07/shared/cirrus-software/intel/compilers_and_libraries_2020.4.304/linux/mpi/intel64/libfabric/lib:/work/y07/shared/cirrus-software/intel/compilers_and_libraries_2020.4.304/linux/mpi/intel64/lib/release:/work/y07/shared/cirrus-software/intel/compilers_and_libraries_2020.4.304/linux/mpi/intel64/lib:/work/y07/shared/cirrus-software/intel/compilers_and_libraries_2020.4.304/linux/ipp/lib/intel64:/work/y07/shared/cirrus-software/intel/compilers_and_libraries_2020.4.304/linux/mkl/lib/intel64_lin:/work/y07/shared/cirrus-software/intel/compilers_and_libraries_2020.4.304/linux/tbb/lib/intel64/gcc4.8:/work/y07/shared/cirrus-software/intel/debugger_2020/python/intel64/lib:/work/y07/shared/cirrus-software/intel/debugger_2020/libipt/intel64/lib:/work/y07/shared/cirrus-software/intel/compilers_and_libraries_2020.4.304/linux/daal/lib/intel64_lin:/work/y07/shared/cirrus-software/intel/compilers_and_libraries_2020.4.304/linux/daal/../tbb/lib/intel64_lin/gcc4.4:/work/y07/shared/cirrus-software/intel/compilers_and_libraries_2020.4.304/linux/daal/../tbb/lib/intel64_lin/gcc4.8
387 [140589755844480] INFO perfrun.launcher <> - set environment variable: INTEL_LIBITTNOTIFY32 = /mnt/lustre/e1000/home/y07/shared/cirrus-software/intel/advisor_2020.3.0.607294/lib32/runtime/libittnotify_collector.so
387 [140589755844480] INFO perfrun.launcher <> - set environment variable: INTEL_LIBITTNOTIFY64 = /mnt/lustre/e1000/home/y07/shared/cirrus-software/intel/advisor_2020.3.0.607294/lib64/runtime/libittnotify_collector.so
387 [140589755844480] INFO perfrun.launcher <> - set environment variable: INTEL_ITTNOTIFY_GROUPS = 
387 [140589755844480] INFO perfrun.launcher <> - set environment variable: INTEL_JIT_PROFILER32 = /mnt/lustre/e1000/home/y07/shared/cirrus-software/intel/advisor_2020.3.0.607294/lib32/runtime/libittnotify_collector.so
387 [140589755844480] INFO perfrun.launcher <> - set environment variable: INTEL_JIT_PROFILER64 = /mnt/lustre/e1000/home/y07/shared/cirrus-software/intel/advisor_2020.3.0.607294/lib64/runtime/libittnotify_collector.so
387 [140589755844480] INFO perfrun.launcher <> - set environment variable: VS_PROFILER = libittnotify_collector.so
387 [140589755844480] INFO perfrun.launcher <> - set environment variable: ENABLE_JITPROFILING = 1
388 [140589755844480] INFO perfrun.launcher <> - set environment variable: CL_CONFIG_USE_VTUNE = True
388 [140589755844480] INFO perfrun.launcher <> - set environment variable: __OCL_MIC_INTEL_LIBITTNOTIFY64 = /amplxe/results/libittnotify_collector.so
388 [140589755844480] INFO perfrun.launcher <> - set environment variable: __OCL_MIC_INTEL_JIT_PROFILER64 = /amplxe/results/libittnotify_collector.so
388 [140589755844480] INFO perfrun.launcher <> - set environment variable: KMP_FORKJOIN_FRAMES = 0
388 [140589755844480] INFO perfrun.launcher <> - set environment variable: KMP_FORKJOIN_FRAMES_MODE = 0
388 [140589755844480] INFO perfrun.launcher <> - set environment variable: OMP_TOOL = disabled
388 [140589755844480] INFO perfrun.launcher <> - set environment variable: INTEL_MRTE_DATA_DIR = /tmp/advixe-tmp-i2618173/advixe-res-2387278-13256268281755506/data.0
388 [140589755844480] INFO perfrun.launcher <> - set environment variable: INTEL_MRTE_HOST_NAME = cirrus-login2
388 [140589755844480] INFO perfrun.launcher <> - RpcServer: run RPC server to handle requests
389 [140589755844480] INFO perfrun.launcher <> - Launcher: command line to start before modification = ./MD
391 [140589755844480] INFO perfrun.launcher <> - Launcher: command line to start after modification = /mnt/lustre/e1000/home/y07/shared/cirrus-software/intel/advisor_2020.3.0.607294/bin64/pin -error_file /tmp/advixe-tmp-i2618173/advixe-res-2387278-13256268281755506/data.0/pinerr.tpsslog -detach_reattach -follow_execv -tool_load_option deepbind -t64 /mnt/lustre/e1000/home/y07/shared/cirrus-software/intel/advisor_2020.3.0.607294/lib64/libtpsstool.so -t /mnt/lustre/e1000/home/y07/shared/cirrus-software/intel/advisor_2020.3.0.607294/lib32/libtpsstool.so -server_name tpss_ipc.2387278 -prd_dir /mnt/lustre/e1000/home/y07/shared/cirrus-software/intel/advisor_2020.3.0.607294 -- ./MD
391 [140589755844480] INFO perfrun.launcher <> - ProcessCreator object was created
408 [140589755844480] INFO perfrun.launcher <> - Launcher: the process was started in suspend mode
432 [140589322581760] WARN perfrun.system <> - Could not do anything with /sys/kernel/debug/kvm: boost::filesystem::status: Permission denied: "/sys/kernel/debug/kvm", at file: vcs/perfrun1/plugins/system/src/trace_writer.cpp:774
432 [140589322581760] WARN perfrun.system <> - Folder "/var/run/libvirt/qemu/"doesn't exist, at file: vcs/perfrun1/plugins/system/src/trace_writer.cpp:787
441 [140589322581760] WARN perfrun.sdk <> - Failed to find xl binary on any of the system paths: /bin, /sbin, /usr/bin, /usr/sbin., at file: vcs/perfrun1/sdk/src/utils.cpp:199
460 [140589322581760] INFO perfrun.vdso <> - Helper runtool '/mnt/lustre/e1000/home/y07/shared/cirrus-software/intel/advisor_2020.3.0.607294/bin32/advixe-runss -dump-vdso -r /tmp/advixe-tmp-i2618173/advixe-res-2387278-13256268281755506 --tmp-dir /tmp/advixe-tmp-i2618173' returned 1
735 [140589322581760] INFO perfrun.vdso <> - Helper runtool '/mnt/lustre/e1000/home/y07/shared/cirrus-software/intel/advisor_2020.3.0.607294/bin64/advixe-runss -dump-vdso -r /tmp/advixe-tmp-i2618173/advixe-res-2387278-13256268281755506 --tmp-dir /tmp/advixe-tmp-i2618173' returned 0
735 [140589322581760] INFO perfrun.itt <> - start itt controller for pid #2387356
736 [140589322581760] INFO perfrun.tpss <> - start tpss controller for pid #2387356
786 [140589755844480] INFO perfrun.launcher <> - Launcher: all plugins were started
786 [140589755844480] INFO perfrun.launcher <> - DirectoryMonitor object was created
786 [140589755844480] INFO perfrun.launcher <> - DirectoryMonitor: a callback was added
786 [140589755844480] INFO perfrun.launcher <> - DirectoryMonitor was started with pingTime = 1000
786 [140589755844480] INFO perfrun.launcher <> - DeadlineTimer is going to be constructed
787 [140589755844480] INFO perfrun.launcher <> - DeadlineTimer: a callback was added
808 [140589755844480] INFO perfrun.launcher <> - Launcher: resume the profiled application and  wait its termination or stop command
22555 [140589755844480] INFO perfrun.launcher <> - Launcher: the profiled application was terminated  with exit code = 0
22568 [140589322581760] INFO perfrun.itt <> - stop itt controller
22568 [140589322581760] INFO perfrun.itt <> - detach itt controller
22568 [140589322581760] INFO perfrun.tpss <> - stop tpss controller
22568 [140589322581760] INFO perfrun.sdk <> - De-allocating TMU: /tmp/advixe-tmp-i2618173/advixe-res-2387278-13256268281755506/data.0/systemcollector-2387278-cirrus-login2.sc
22568 [140589322581760] INFO perfrun.system <> - closed the system trace file: /tmp/advixe-tmp-i2618173/advixe-res-2387278-13256268281755506/data.0/systemcollector-2387278-cirrus-login2.sc
22568 [140589755844480] INFO perfrun.launcher <> - Launcher: all plugins were stopped.
22568 [140589755844480] INFO perfrun.launcher <> - DeadlineTimer is going to be destroyed
22568 [140589755844480] INFO perfrun.launcher <> - DeadlineTimer was destroyed
22569 [140589755844480] INFO perfrun.launcher <> - DirectoryMonitor object was destroyed
22569 [140589755844480] WARN perfrun.launcher <> - Stop command is ignored because it is received when collection is already stopped, at file: vcs/perfrun1/launcher/src/command_handler.cpp:212
22624 [140589755844480] INFO perfrun.launcher <> - Application exit code: 0
22624 [140589755844480] INFO perfrun.launcher <> - Exit code: 0
