Loading intel-20.4/cmkl
  Loading requirement: intel-license
Loading intel-20.4/compilers
  Loading requirement: gcc/10.2.0 intel-20.4/cc intel-20.4/fc
Loading compiler/latest
  Loading requirement: tbb/latest compiler-rt/latest oclfpga/latest
Ndim == 3
Npair == 8386560
timestep 1
collisions 0
timestep 2
collisions 0
timestep 3
collisions 0
timestep 4
collisions 0
timestep 5
collisions 0
timestep 6
collisions 0
timestep 7
collisions 0
timestep 8
collisions 0
timestep 9
collisions 0
timestep 10
collisions 1
timestep 11
collisions 2
timestep 12
collisions 3
timestep 13
collisions 3
timestep 14
collisions 3
timestep 15
collisions 3
timestep 16
collisions 3
timestep 17
collisions 3
timestep 18
collisions 3
timestep 19
collisions 3
timestep 20
collisions 3
timestep 21
collisions 3
timestep 22
collisions 3
timestep 23
collisions 3
timestep 24
collisions 3
timestep 25
collisions 3
timestep 26
collisions 3
timestep 27
collisions 3
timestep 28
collisions 3
timestep 29
collisions 3
timestep 30
collisions 3
timestep 31
collisions 3
timestep 32
collisions 3
timestep 33
collisions 3
timestep 34
collisions 3
timestep 35
collisions 3
timestep 36
collisions 3
timestep 37
collisions 3
timestep 38
collisions 3
timestep 39
collisions 3
timestep 40
collisions 3
timestep 41
collisions 3
timestep 42
collisions 3
timestep 43
collisions 3
timestep 44
collisions 3
timestep 45
collisions 3
timestep 46
collisions 3
timestep 47
collisions 3
timestep 48
collisions 3
timestep 49
collisions 3
timestep 50
collisions 3
timestep 51
collisions 3
timestep 52
collisions 3
timestep 53
collisions 3
timestep 54
collisions 3
timestep 55
collisions 3
timestep 56
collisions 3
timestep 57
collisions 3
timestep 58
collisions 3
timestep 59
collisions 3
timestep 60
collisions 3
timestep 61
collisions 3
timestep 62
collisions 3
timestep 63
collisions 3
timestep 64
collisions 3
timestep 65
collisions 3
timestep 66
collisions 3
timestep 67
collisions 3
timestep 68
collisions 3
timestep 69
collisions 3
timestep 70
collisions 3
timestep 71
collisions 3
timestep 72
collisions 3
timestep 73
collisions 3
timestep 74
collisions 3
timestep 75
collisions 3
timestep 76
collisions 3
timestep 77
collisions 3
timestep 78
collisions 3
timestep 79
collisions 3
timestep 80
collisions 3
timestep 81
collisions 3
timestep 82
collisions 3
timestep 83
collisions 3
timestep 84
collisions 3
timestep 85
collisions 3
timestep 86
collisions 3
timestep 87
collisions 3
timestep 88
collisions 3
timestep 89
collisions 3
timestep 90
collisions 3
timestep 91
collisions 3
timestep 92
collisions 3
timestep 93
collisions 3
timestep 94
collisions 3
timestep 95
collisions 3
timestep 96
collisions 3
timestep 97
collisions 3
timestep 98
collisions 3
timestep 99
collisions 3
timestep 100
collisions 3
100 timesteps took 16.682025 seconds
collisions 3
100 timesteps took 16.705820 seconds
